2023-11-14 23:43:47.811 [main] INFO  org.example.Main - subtraction of 11 and 15. Result: -4

2023-11-14 23:43:47.820 [main] INFO  org.example.Main - addition of 12 and 23. Result: 35

2023-11-14 23:43:47.824 [main] INFO  org.example.Main - multiplication of 11 and 11. Result: 121

2023-11-14 23:43:47.826 [main] INFO  org.example.Main - modulus operation for 37 and 8. Result: 5
























2023-11-16 11:35:41.863 [main] INFO  org.example.Main - subtraction of 11 and 15. Result: -4

2023-11-16 11:35:41.872 [main] INFO  org.example.Main - addition of 12 and 23. Result:   35

2023-11-16 11:35:41.874 [main] INFO  org.example.Main - multiplication of 11 and 11. Result: 121

2023-11-16 11:35:41.877 [main] INFO  org.example.Main - modulus operation for 37 and 8. Result: 5

2023-11-16 11:35:58.457 [main] INFO  org.example.Main - subtraction of 11 and 15. Result: -4

2023-11-16 11:35:58.465 [main] INFO  org.example.Main - addition of 12 and 23. Result:   35

2023-11-16 11:35:58.468 [main] INFO  org.example.Main - multiplication of 11 and 11. Result: 121

2023-11-16 11:35:58.470 [main] INFO  org.example.Main - modulus operation for 37 and 8. Result: 5

2023-11-17 18:37:07.140 [main] INFO  org.example.Main - subtraction of 11 and 15. Result: -4

2023-11-17 18:37:07.154 [main] INFO  org.example.Main - addition of 12 and 23. Result:   35

2023-11-17 18:37:07.159 [main] INFO  org.example.Main - multiplication of 11 and 11. Result: 121

2023-11-17 18:37:07.164 [main] INFO  org.example.Main - modulus operation for 37 and 8. Result: 5

2023-11-17 18:37:12.651 [main] INFO  org.example.Main - subtraction of 11 and 15. Result: -4

2023-11-17 18:37:12.671 [main] INFO  org.example.Main - addition of 12 and 23. Result:   35

2023-11-17 18:37:12.676 [main] INFO  org.example.Main - multiplication of 11 and 11. Result: 121

2023-11-17 18:37:12.682 [main] INFO  org.example.Main - modulus operation for 37 and 8. Result: 5

2023-11-17 18:37:18.927 [main] INFO  org.example.Main - subtraction of 11 and 15. Result: -4

2023-11-17 18:37:18.936 [main] INFO  org.example.Main - addition of 12 and 23. Result:   35

2023-11-17 18:37:18.940 [main] INFO  org.example.Main - multiplication of 11 and 11. Result: 121

2023-11-17 18:37:18.944 [main] INFO  org.example.Main - modulus operation for 37 and 8. Result: 5

2023-11-17 18:37:22.400 [main] INFO  org.example.Main - subtraction of 11 and 15. Result: -4

2023-11-17 18:37:22.411 [main] INFO  org.example.Main - addition of 12 and 23. Result:   35

2023-11-17 18:37:22.417 [main] INFO  org.example.Main - multiplication of 11 and 11. Result: 121

2023-11-17 18:37:22.422 [main] INFO  org.example.Main - modulus operation for 37 and 8. Result: 5

2023-11-17 18:37:26.667 [main] INFO  org.example.Main - subtraction of 11 and 15. Result: -4

2023-11-17 18:37:26.678 [main] INFO  org.example.Main - addition of 12 and 23. Result:   35

2023-11-17 18:37:26.685 [main] INFO  org.example.Main - multiplication of 11 and 11. Result: 121

2023-11-17 18:37:26.692 [main] INFO  org.example.Main - modulus operation for 37 and 8. Result: 5

